# JRE version: Java(TM) SE Runtime Environment (11.0.6+8) (build 11.0.6+8-LTS)
# Java VM: Java HotSpot(TM) 64-Bit Server VM (11.0.6+8-LTS, mixed mode, tiered, compressed oops, g1 gc, windows-amd64)
Heap:
 garbage-first heap   total 98304K, used 55415K [0x00000000a1600000, 0x0000000100000000)
  region size 1024K, 48 young (49152K), 6 survivors (6144K)
 Metaspace       used 37786K, capacity 38801K, committed 39040K, reserved 1083392K
  class space    used 4476K, capacity 4875K, committed 4992K, reserved 1048576K
GC Heap History (10 events):
Event: 86.286 GC heap before
{Heap before GC invocations=2 (full 0):
 garbage-first heap   total 98304K, used 37096K [0x00000000a1600000, 0x0000000100000000)
  region size 1024K, 35 young (35840K), 5 survivors (5120K)
 Metaspace       used 20796K, capacity 21227K, committed 21248K, reserved 1069056K
  class space    used 2384K, capacity 2555K, committed 2560K, reserved 1048576K
}
Event: 86.293 GC heap after
{Heap after GC invocations=3 (full 0):
 garbage-first heap   total 98304K, used 8508K [0x00000000a1600000, 0x0000000100000000)
  region size 1024K, 6 young (6144K), 6 survivors (6144K)
 Metaspace       used 20796K, capacity 21227K, committed 21248K, reserved 1069056K
  class space    used 2384K, capacity 2555K, committed 2560K, reserved 1048576K
}
Event: 98.198 GC heap before
{Heap before GC invocations=4 (full 0):
 garbage-first heap   total 98304K, used 59708K [0x00000000a1600000, 0x0000000100000000)
  region size 1024K, 57 young (58368K), 6 survivors (6144K)
 Metaspace       used 26292K, capacity 26908K, committed 27136K, reserved 1073152K
  class space    used 3056K, capacity 3281K, committed 3328K, reserved 1048576K
}
Event: 98.204 GC heap after
{Heap after GC invocations=5 (full 0):
 garbage-first heap   total 98304K, used 9692K [0x00000000a1600000, 0x0000000100000000)
  region size 1024K, 4 young (4096K), 4 survivors (4096K)
 Metaspace       used 26292K, capacity 26908K, committed 27136K, reserved 1073152K
  class space    used 3056K, capacity 3281K, committed 3328K, reserved 1048576K
}
Event: 107.867 GC heap before
{Heap before GC invocations=5 (full 0):
 garbage-first heap   total 98304K, used 62940K [0x00000000a1600000, 0x0000000100000000)
  region size 1024K, 57 young (58368K), 4 survivors (4096K)
 Metaspace       used 29106K, capacity 29724K, committed 29824K, reserved 1075200K
  class space    used 3372K, capacity 3630K, committed 3712K, reserved 1048576K
}
Event: 107.873 GC heap after
{Heap after GC invocations=6 (full 0):
 garbage-first heap   total 98304K, used 10983K [0x00000000a1600000, 0x0000000100000000)
  region size 1024K, 5 young (5120K), 5 survivors (5120K)
 Metaspace       used 29106K, capacity 29724K, committed 29824K, reserved 1075200K
  class space    used 3372K, capacity 3630K, committed 3712K, reserved 1048576K
}
Event: 120.691 GC heap before
{Heap before GC invocations=6 (full 0):
 garbage-first heap   total 98304K, used 48871K [0x00000000a1600000, 0x0000000100000000)
  region size 1024K, 43 young (44032K), 5 survivors (5120K)
 Metaspace       used 34864K, capacity 35778K, committed 35840K, reserved 1081344K
  class space    used 4174K, capacity 4572K, committed 4608K, reserved 1048576K
}
Event: 120.702 GC heap after
{Heap after GC invocations=7 (full 0):
 garbage-first heap   total 98304K, used 13328K [0x00000000a1600000, 0x0000000100000000)
  region size 1024K, 6 young (6144K), 6 survivors (6144K)
 Metaspace       used 34864K, capacity 35778K, committed 35840K, reserved 1081344K
  class space    used 4174K, capacity 4572K, committed 4608K, reserved 1048576K
}
Event: 124.142 GC heap before
{Heap before GC invocations=8 (full 0):
 garbage-first heap   total 98304K, used 64528K [0x00000000a1600000, 0x0000000100000000)
  region size 1024K, 57 young (58368K), 6 survivors (6144K)
 Metaspace       used 36954K, capacity 38010K, committed 38144K, reserved 1083392K
  class space    used 4380K, capacity 4781K, committed 4864K, reserved 1048576K
}
Event: 124.150 GC heap after
{Heap after GC invocations=9 (full 0):
 garbage-first heap   total 98304K, used 14455K [0x00000000a1600000, 0x0000000100000000)
  region size 1024K, 6 young (6144K), 6 survivors (6144K)
 Metaspace       used 36954K, capacity 38010K, committed 38144K, reserved 1083392K
  class space    used 4380K, capacity 4781K, committed 4864K, reserved 1048576K
}

